2024-05-20 11:15:13 [main] INFO  : Starting SpringBootTask1Application using Java 21.0.3 with PID 21408 (C:\Users\naushad.shaikh\Downloads\Spring_Boot_task1\bin\main started by naushad.shaikh in C:\Users\naushad.shaikh\Downloads\Spring_Boot_task1)
2024-05-20 11:15:13 [main] INFO  : No active profile set, falling back to 1 default profile: "default"
2024-05-20 11:15:15 [main] INFO  : Tomcat initialized with port 8051 (http)
2024-05-20 11:15:15 [main] INFO  : Initializing ProtocolHandler ["http-nio-8051"]
2024-05-20 11:15:15 [main] INFO  : Starting service [Tomcat]
2024-05-20 11:15:15 [main] INFO  : Starting Servlet engine: [Apache Tomcat/10.1.24]
2024-05-20 11:15:15 [main] INFO  : Initializing Spring embedded WebApplicationContext
2024-05-20 11:15:15 [main] INFO  : Root WebApplicationContext: initialization completed in 2648 ms
2024-05-20 11:15:16 [main] INFO  : Starting ProtocolHandler ["http-nio-8051"]
2024-05-20 11:15:16 [main] INFO  : Tomcat started on port 8051 (http) with context path '/'
2024-05-20 11:15:16 [main] INFO  : Started SpringBootTask1Application in 4.475 seconds (process running for 5.502)
2024-05-20 11:20:37 [main] INFO  : Starting SpringBootTask1Application using Java 21.0.3 with PID 9100 (C:\Users\naushad.shaikh\Downloads\Spring_Boot_task1\bin\main started by naushad.shaikh in C:\Users\naushad.shaikh\Downloads\Spring_Boot_task1)
2024-05-20 11:20:37 [main] DEBUG : Running with Spring Boot v3.3.0-SNAPSHOT, Spring v6.1.7
2024-05-20 11:20:37 [main] INFO  : No active profile set, falling back to 1 default profile: "default"
2024-05-20 11:20:39 [main] INFO  : Tomcat initialized with port 8051 (http)
2024-05-20 11:20:39 [main] INFO  : Initializing ProtocolHandler ["http-nio-8051"]
2024-05-20 11:20:39 [main] INFO  : Starting service [Tomcat]
2024-05-20 11:20:39 [main] INFO  : Starting Servlet engine: [Apache Tomcat/10.1.24]
2024-05-20 11:20:39 [main] INFO  : Initializing Spring embedded WebApplicationContext
2024-05-20 11:20:39 [main] INFO  : Root WebApplicationContext: initialization completed in 2386 ms
2024-05-20 11:20:41 [main] INFO  : Starting ProtocolHandler ["http-nio-8051"]
2024-05-20 11:20:41 [main] INFO  : Tomcat started on port 8051 (http) with context path '/'
2024-05-20 11:20:41 [main] INFO  : Started SpringBootTask1Application in 4.791 seconds (process running for 5.945)
2024-05-20 11:20:52 [http-nio-8051-exec-3] INFO  : Initializing Spring DispatcherServlet 'dispatcherServlet'
2024-05-20 11:20:52 [http-nio-8051-exec-3] INFO  : Initializing Servlet 'dispatcherServlet'
2024-05-20 11:20:52 [http-nio-8051-exec-3] INFO  : Completed initialization in 2 ms
2024-05-20 11:20:52 [http-nio-8051-exec-3] WARN  : object is null
2024-05-20 11:20:52 [http-nio-8051-exec-3] ERROR : Servlet.service() for servlet [dispatcherServlet] in context with path [] threw exception [Request processing failed: java.lang.Exception: id is not present] with root cause
java.lang.Exception: id is not present
	at com.bnt.controller.CustomerController.deleteCustomer(CustomerController.java:59)
	at java.base/jdk.internal.reflect.DirectMethodHandleAccessor.invoke(DirectMethodHandleAccessor.java:103)
	at java.base/java.lang.reflect.Method.invoke(Method.java:580)
	at org.springframework.web.method.support.InvocableHandlerMethod.doInvoke(InvocableHandlerMethod.java:255)
	at org.springframework.web.method.support.InvocableHandlerMethod.invokeForRequest(InvocableHandlerMethod.java:188)
	at org.springframework.web.servlet.mvc.method.annotation.ServletInvocableHandlerMethod.invokeAndHandle(ServletInvocableHandlerMethod.java:118)
	at org.springframework.web.servlet.mvc.method.annotation.RequestMappingHandlerAdapter.invokeHandlerMethod(RequestMappingHandlerAdapter.java:926)
	at org.springframework.web.servlet.mvc.method.annotation.RequestMappingHandlerAdapter.handleInternal(RequestMappingHandlerAdapter.java:831)
	at org.springframework.web.servlet.mvc.method.AbstractHandlerMethodAdapter.handle(AbstractHandlerMethodAdapter.java:87)
	at org.springframework.web.servlet.DispatcherServlet.doDispatch(DispatcherServlet.java:1089)
	at org.springframework.web.servlet.DispatcherServlet.doService(DispatcherServlet.java:979)
	at org.springframework.web.servlet.FrameworkServlet.processRequest(FrameworkServlet.java:1014)
	at org.springframework.web.servlet.FrameworkServlet.doDelete(FrameworkServlet.java:936)
	at jakarta.servlet.http.HttpServlet.service(HttpServlet.java:596)
	at org.springframework.web.servlet.FrameworkServlet.service(FrameworkServlet.java:885)
	at jakarta.servlet.http.HttpServlet.service(HttpServlet.java:658)
	at org.apache.catalina.core.ApplicationFilterChain.internalDoFilter(ApplicationFilterChain.java:195)
	at org.apache.catalina.core.ApplicationFilterChain.doFilter(ApplicationFilterChain.java:140)
	at org.apache.tomcat.websocket.server.WsFilter.doFilter(WsFilter.java:51)
	at org.apache.catalina.core.ApplicationFilterChain.internalDoFilter(ApplicationFilterChain.java:164)
	at org.apache.catalina.core.ApplicationFilterChain.doFilter(ApplicationFilterChain.java:140)
	at org.springframework.web.filter.RequestContextFilter.doFilterInternal(RequestContextFilter.java:100)
	at org.springframework.web.filter.OncePerRequestFilter.doFilter(OncePerRequestFilter.java:116)
	at org.apache.catalina.core.ApplicationFilterChain.internalDoFilter(ApplicationFilterChain.java:164)
	at org.apache.catalina.core.ApplicationFilterChain.doFilter(ApplicationFilterChain.java:140)
	at org.springframework.web.filter.FormContentFilter.doFilterInternal(FormContentFilter.java:93)
	at org.springframework.web.filter.OncePerRequestFilter.doFilter(OncePerRequestFilter.java:116)
	at org.apache.catalina.core.ApplicationFilterChain.internalDoFilter(ApplicationFilterChain.java:164)
	at org.apache.catalina.core.ApplicationFilterChain.doFilter(ApplicationFilterChain.java:140)
	at org.springframework.web.filter.CharacterEncodingFilter.doFilterInternal(CharacterEncodingFilter.java:201)
	at org.springframework.web.filter.OncePerRequestFilter.doFilter(OncePerRequestFilter.java:116)
	at org.apache.catalina.core.ApplicationFilterChain.internalDoFilter(ApplicationFilterChain.java:164)
	at org.apache.catalina.core.ApplicationFilterChain.doFilter(ApplicationFilterChain.java:140)
	at org.apache.catalina.core.StandardWrapperValve.invoke(StandardWrapperValve.java:167)
	at org.apache.catalina.core.StandardContextValve.invoke(StandardContextValve.java:90)
	at org.apache.catalina.authenticator.AuthenticatorBase.invoke(AuthenticatorBase.java:482)
	at org.apache.catalina.core.StandardHostValve.invoke(StandardHostValve.java:115)
	at org.apache.catalina.valves.ErrorReportValve.invoke(ErrorReportValve.java:93)
	at org.apache.catalina.core.StandardEngineValve.invoke(StandardEngineValve.java:74)
	at org.apache.catalina.connector.CoyoteAdapter.service(CoyoteAdapter.java:344)
	at org.apache.coyote.http11.Http11Processor.service(Http11Processor.java:389)
	at org.apache.coyote.AbstractProcessorLight.process(AbstractProcessorLight.java:63)
	at org.apache.coyote.AbstractProtocol$ConnectionHandler.process(AbstractProtocol.java:896)
	at org.apache.tomcat.util.net.NioEndpoint$SocketProcessor.doRun(NioEndpoint.java:1741)
	at org.apache.tomcat.util.net.SocketProcessorBase.run(SocketProcessorBase.java:52)
	at org.apache.tomcat.util.threads.ThreadPoolExecutor.runWorker(ThreadPoolExecutor.java:1190)
	at org.apache.tomcat.util.threads.ThreadPoolExecutor$Worker.run(ThreadPoolExecutor.java:659)
	at org.apache.tomcat.util.threads.TaskThread$WrappingRunnable.run(TaskThread.java:63)
	at java.base/java.lang.Thread.run(Thread.java:1583)
2024-05-20 11:34:19 [main] INFO  : Tomcat initialized with port 8051 (http)
2024-05-20 11:34:19 [main] INFO  : Initializing ProtocolHandler ["http-nio-8051"]
2024-05-20 11:34:19 [main] INFO  : Starting service [Tomcat]
2024-05-20 11:34:19 [main] INFO  : Starting Servlet engine: [Apache Tomcat/10.1.24]
2024-05-20 11:34:19 [main] INFO  : Initializing Spring embedded WebApplicationContext
2024-05-20 11:34:19 [main] INFO  : Root WebApplicationContext: initialization completed in 2140 ms
2024-05-20 11:34:20 [main] INFO  : Starting ProtocolHandler ["http-nio-8051"]
2024-05-20 11:34:20 [main] INFO  : Tomcat started on port 8051 (http) with context path '/'
2024-05-20 11:34:47 [main] INFO  : Tomcat initialized with port 8051 (http)
2024-05-20 11:34:47 [main] INFO  : Initializing ProtocolHandler ["http-nio-8051"]
2024-05-20 11:34:47 [main] INFO  : Starting service [Tomcat]
2024-05-20 11:34:47 [main] INFO  : Starting Servlet engine: [Apache Tomcat/10.1.24]
2024-05-20 11:34:47 [main] INFO  : Initializing Spring embedded WebApplicationContext
2024-05-20 11:34:47 [main] INFO  : Root WebApplicationContext: initialization completed in 2154 ms
2024-05-20 11:34:48 [main] INFO  : Starting ProtocolHandler ["http-nio-8051"]
2024-05-20 11:34:48 [main] INFO  : Tomcat started on port 8051 (http) with context path '/'
2024-05-20 11:35:16 [main] INFO  : Starting SpringBootTask1Application using Java 21.0.3 with PID 23040 (C:\Users\naushad.shaikh\Downloads\Spring_Boot_task1\bin\main started by naushad.shaikh in C:\Users\naushad.shaikh\Downloads\Spring_Boot_task1)
2024-05-20 11:35:16 [main] DEBUG : Running with Spring Boot v3.3.0-SNAPSHOT, Spring v6.1.7
2024-05-20 11:35:16 [main] INFO  : No active profile set, falling back to 1 default profile: "default"
2024-05-20 11:35:19 [main] INFO  : Started SpringBootTask1Application in 4.008 seconds (process running for 4.909)
2024-05-20 11:36:36 [http-nio-8051-exec-2] WARN  : object is null
2024-05-20 12:33:45 [main] WARN  : Id is not present id db
2024-05-20 12:34:28 [main] WARN  : Id is not present id db
2024-05-20 12:35:11 [main] WARN  : Id is not present id db
2024-05-20 12:36:33 [main] WARN  : The value of object is null
2024-05-20 12:36:40 [main] WARN  : Id is not present id db
2024-05-20 12:39:58 [main] INFO  : Starting SpringBootTask1Application using Java 21.0.3 with PID 11400 (C:\Users\naushad.shaikh\Downloads\Spring_Boot_task1\bin\main started by naushad.shaikh in C:\Users\naushad.shaikh\Downloads\Spring_Boot_task1)
2024-05-20 12:39:58 [main] DEBUG : Running with Spring Boot v3.3.0-SNAPSHOT, Spring v6.1.7
2024-05-20 12:39:58 [main] INFO  : No active profile set, falling back to 1 default profile: "default"
2024-05-20 12:39:59 [main] INFO  : Starting SpringBootTask1Application using Java 21.0.3 with PID 14244 (C:\Users\naushad.shaikh\Downloads\Spring_Boot_task1\bin\main started by naushad.shaikh in C:\Users\naushad.shaikh\Downloads\Spring_Boot_task1)
2024-05-20 12:39:59 [main] DEBUG : Running with Spring Boot v3.3.0-SNAPSHOT, Spring v6.1.7
2024-05-20 12:39:59 [main] INFO  : No active profile set, falling back to 1 default profile: "default"
2024-05-20 12:40:04 [main] INFO  : Tomcat initialized with port 8051 (http)
2024-05-20 12:40:04 [main] INFO  : Initializing ProtocolHandler ["http-nio-8051"]
2024-05-20 12:40:04 [main] INFO  : Starting service [Tomcat]
2024-05-20 12:40:04 [main] INFO  : Starting Servlet engine: [Apache Tomcat/10.1.24]
2024-05-20 12:40:04 [main] INFO  : Initializing Spring embedded WebApplicationContext
2024-05-20 12:40:04 [main] INFO  : Root WebApplicationContext: initialization completed in 5682 ms
2024-05-20 12:40:04 [main] INFO  : Tomcat initialized with port 8051 (http)
2024-05-20 12:40:04 [main] INFO  : Initializing ProtocolHandler ["http-nio-8051"]
2024-05-20 12:40:04 [main] INFO  : Starting service [Tomcat]
2024-05-20 12:40:05 [main] INFO  : Starting Servlet engine: [Apache Tomcat/10.1.24]
2024-05-20 12:40:05 [main] INFO  : Initializing Spring embedded WebApplicationContext
2024-05-20 12:40:05 [main] INFO  : Root WebApplicationContext: initialization completed in 5537 ms
2024-05-20 12:40:12 [main] INFO  : Starting ProtocolHandler ["http-nio-8051"]
2024-05-20 12:40:12 [main] INFO  : Starting ProtocolHandler ["http-nio-8051"]
2024-05-20 12:40:12 [main] WARN  : Exception encountered during context initialization - cancelling refresh attempt: org.springframework.context.ApplicationContextException: Failed to start bean 'webServerStartStop'
2024-05-20 12:40:12 [main] INFO  : Tomcat started on port 8051 (http) with context path '/'
2024-05-20 12:40:12 [main] INFO  : 

Error starting ApplicationContext. To display the condition evaluation report re-run your application with 'debug' enabled.
2024-05-20 12:40:12 [main] INFO  : Started SpringBootTask1Application in 14.964 seconds (process running for 16.723)
2024-05-20 12:40:12 [main] ERROR : 

***************************
APPLICATION FAILED TO START
***************************

Description:

Web server failed to start. Port 8051 was already in use.

Action:

Identify and stop the process that's listening on port 8051 or configure this application to listen on another port.

2024-05-20 12:40:58 [main] INFO  : Starting SpringBootTask1Application using Java 21.0.3 with PID 23364 (C:\Users\naushad.shaikh\Downloads\Spring_Boot_task1\bin\main started by naushad.shaikh in C:\Users\naushad.shaikh\Downloads\Spring_Boot_task1)
2024-05-20 12:40:58 [main] DEBUG : Running with Spring Boot v3.3.0-SNAPSHOT, Spring v6.1.7
2024-05-20 12:40:58 [main] INFO  : No active profile set, falling back to 1 default profile: "default"
2024-05-20 12:41:00 [main] INFO  : Tomcat initialized with port 8051 (http)
2024-05-20 12:41:00 [main] INFO  : Initializing ProtocolHandler ["http-nio-8051"]
2024-05-20 12:41:00 [main] INFO  : Starting service [Tomcat]
2024-05-20 12:41:00 [main] INFO  : Starting Servlet engine: [Apache Tomcat/10.1.24]
2024-05-20 12:41:00 [main] INFO  : Initializing Spring embedded WebApplicationContext
2024-05-20 12:41:00 [main] INFO  : Root WebApplicationContext: initialization completed in 2187 ms
2024-05-20 12:41:01 [main] INFO  : Starting ProtocolHandler ["http-nio-8051"]
2024-05-20 12:41:01 [main] INFO  : Tomcat started on port 8051 (http) with context path '/'
2024-05-20 12:41:01 [main] INFO  : Started SpringBootTask1Application in 3.571 seconds (process running for 4.36)
2024-05-20 12:43:27 [http-nio-8051-exec-3] INFO  : Initializing Spring DispatcherServlet 'dispatcherServlet'
2024-05-20 12:43:27 [http-nio-8051-exec-3] INFO  : Initializing Servlet 'dispatcherServlet'
2024-05-20 12:43:27 [http-nio-8051-exec-3] INFO  : Completed initialization in 3 ms
2024-05-20 12:43:27 [http-nio-8051-exec-3] WARN  : Id is not present id db
2024-05-20 12:43:27 [http-nio-8051-exec-3] ERROR : Servlet.service() for servlet [dispatcherServlet] in context with path [] threw exception [Request processing failed: java.lang.IllegalStateException: Invocation failure
Controller [com.bnt.controller.CustomerController]
Method [public void com.bnt.controller.CustomerController.deleteCustomer(int) throws com.bnt.exceptions.DataIsNotPresent] with argument values:
 [0] [type=java.lang.Integer] [value=0] ] with root cause
com.bnt.exceptions.DataIsNotPresent: null
	at com.bnt.controller.CustomerController.deleteCustomer(CustomerController.java:64)
	at java.base/jdk.internal.reflect.DirectMethodHandleAccessor.invoke(DirectMethodHandleAccessor.java:103)
	at java.base/java.lang.reflect.Method.invoke(Method.java:580)
	at org.springframework.web.method.support.InvocableHandlerMethod.doInvoke(InvocableHandlerMethod.java:255)
	at org.springframework.web.method.support.InvocableHandlerMethod.invokeForRequest(InvocableHandlerMethod.java:188)
	at org.springframework.web.servlet.mvc.method.annotation.ServletInvocableHandlerMethod.invokeAndHandle(ServletInvocableHandlerMethod.java:118)
	at org.springframework.web.servlet.mvc.method.annotation.RequestMappingHandlerAdapter.invokeHandlerMethod(RequestMappingHandlerAdapter.java:926)
	at org.springframework.web.servlet.mvc.method.annotation.RequestMappingHandlerAdapter.handleInternal(RequestMappingHandlerAdapter.java:831)
	at org.springframework.web.servlet.mvc.method.AbstractHandlerMethodAdapter.handle(AbstractHandlerMethodAdapter.java:87)
	at org.springframework.web.servlet.DispatcherServlet.doDispatch(DispatcherServlet.java:1089)
	at org.springframework.web.servlet.DispatcherServlet.doService(DispatcherServlet.java:979)
	at org.springframework.web.servlet.FrameworkServlet.processRequest(FrameworkServlet.java:1014)
	at org.springframework.web.servlet.FrameworkServlet.doDelete(FrameworkServlet.java:936)
	at jakarta.servlet.http.HttpServlet.service(HttpServlet.java:596)
	at org.springframework.web.servlet.FrameworkServlet.service(FrameworkServlet.java:885)
	at jakarta.servlet.http.HttpServlet.service(HttpServlet.java:658)
	at org.apache.catalina.core.ApplicationFilterChain.internalDoFilter(ApplicationFilterChain.java:195)
	at org.apache.catalina.core.ApplicationFilterChain.doFilter(ApplicationFilterChain.java:140)
	at org.apache.tomcat.websocket.server.WsFilter.doFilter(WsFilter.java:51)
	at org.apache.catalina.core.ApplicationFilterChain.internalDoFilter(ApplicationFilterChain.java:164)
	at org.apache.catalina.core.ApplicationFilterChain.doFilter(ApplicationFilterChain.java:140)
	at org.springframework.web.filter.RequestContextFilter.doFilterInternal(RequestContextFilter.java:100)
	at org.springframework.web.filter.OncePerRequestFilter.doFilter(OncePerRequestFilter.java:116)
	at org.apache.catalina.core.ApplicationFilterChain.internalDoFilter(ApplicationFilterChain.java:164)
	at org.apache.catalina.core.ApplicationFilterChain.doFilter(ApplicationFilterChain.java:140)
	at org.springframework.web.filter.FormContentFilter.doFilterInternal(FormContentFilter.java:93)
	at org.springframework.web.filter.OncePerRequestFilter.doFilter(OncePerRequestFilter.java:116)
	at org.apache.catalina.core.ApplicationFilterChain.internalDoFilter(ApplicationFilterChain.java:164)
	at org.apache.catalina.core.ApplicationFilterChain.doFilter(ApplicationFilterChain.java:140)
	at org.springframework.web.filter.CharacterEncodingFilter.doFilterInternal(CharacterEncodingFilter.java:201)
	at org.springframework.web.filter.OncePerRequestFilter.doFilter(OncePerRequestFilter.java:116)
	at org.apache.catalina.core.ApplicationFilterChain.internalDoFilter(ApplicationFilterChain.java:164)
	at org.apache.catalina.core.ApplicationFilterChain.doFilter(ApplicationFilterChain.java:140)
	at org.apache.catalina.core.StandardWrapperValve.invoke(StandardWrapperValve.java:167)
	at org.apache.catalina.core.StandardContextValve.invoke(StandardContextValve.java:90)
	at org.apache.catalina.authenticator.AuthenticatorBase.invoke(AuthenticatorBase.java:482)
	at org.apache.catalina.core.StandardHostValve.invoke(StandardHostValve.java:115)
	at org.apache.catalina.valves.ErrorReportValve.invoke(ErrorReportValve.java:93)
	at org.apache.catalina.core.StandardEngineValve.invoke(StandardEngineValve.java:74)
	at org.apache.catalina.connector.CoyoteAdapter.service(CoyoteAdapter.java:344)
	at org.apache.coyote.http11.Http11Processor.service(Http11Processor.java:389)
	at org.apache.coyote.AbstractProcessorLight.process(AbstractProcessorLight.java:63)
	at org.apache.coyote.AbstractProtocol$ConnectionHandler.process(AbstractProtocol.java:896)
	at org.apache.tomcat.util.net.NioEndpoint$SocketProcessor.doRun(NioEndpoint.java:1741)
	at org.apache.tomcat.util.net.SocketProcessorBase.run(SocketProcessorBase.java:52)
	at org.apache.tomcat.util.threads.ThreadPoolExecutor.runWorker(ThreadPoolExecutor.java:1190)
	at org.apache.tomcat.util.threads.ThreadPoolExecutor$Worker.run(ThreadPoolExecutor.java:659)
	at org.apache.tomcat.util.threads.TaskThread$WrappingRunnable.run(TaskThread.java:63)
	at java.base/java.lang.Thread.run(Thread.java:1583)
